<?xml version="1.0" encoding="UTF-8"?>
<testng-results ignored="0" total="1" passed="1" failed="0" skipped="0">
  <reporter-output>
  </reporter-output>
  <suite started-at="2024-05-14T21:46:02 IST" name="Default suite" finished-at="2024-05-14T21:46:08 IST" duration-ms="6437">
    <groups>
    </groups>
    <test started-at="2024-05-14T21:46:02 IST" name="Default test" finished-at="2024-05-14T21:46:08 IST" duration-ms="6437">
      <class name="Tool.Web.AppTest">
        <test-method signature="shouldAnswerWithTrue()[pri:0, instance:Tool.Web.AppTest@306f16f3]" started-at="2024-05-14T21:46:02 IST" name="shouldAnswerWithTrue" finished-at="2024-05-14T21:46:08 IST" duration-ms="6400" status="PASS">
          <reporter-output>
          </reporter-output>
        </test-method> <!-- shouldAnswerWithTrue -->
      </class> <!-- Tool.Web.AppTest -->
    </test> <!-- Default test -->
  </suite> <!-- Default suite -->
</testng-results>
